<?xml version="1.0" encoding="UTF-8"?>
<testng-results skipped="0" failed="0" ignored="0" total="1" passed="1">
  <reporter-output>
    <line>
      <![CDATA[OpenBrowser]]>
    </line>
    <line>
      <![CDATA[login]]>
    </line>
    <line>
      <![CDATA[CreateCustomer]]>
    </line>
    <line>
      <![CDATA[logout]]>
    </line>
    <line>
      <![CDATA[CloseBrowser]]>
    </line>
  </reporter-output>
  <suite name="Default suite" duration-ms="193858" started-at="2023-01-26T11:39:51 IST" finished-at="2023-01-26T11:43:05 IST">
    <groups>
    </groups>
    <test name="Default test" duration-ms="193858" started-at="2023-01-26T11:39:51 IST" finished-at="2023-01-26T11:43:05 IST">
      <class name="com.actitime.testscript.CreateCustomer">
        <test-method status="PASS" signature="OpenBrowser()[pri:0, instance:com.actitime.testscript.CreateCustomer@12f41634]" name="OpenBrowser" is-config="true" duration-ms="82031" started-at="2023-01-26T11:39:51 IST" finished-at="2023-01-26T11:41:13 IST">
          <reporter-output>
            <line>
              <![CDATA[OpenBrowser]]>
            </line>
          </reporter-output>
        </test-method> <!-- OpenBrowser -->
        <test-method status="PASS" signature="login()[pri:0, instance:com.actitime.testscript.CreateCustomer@12f41634]" name="login" is-config="true" duration-ms="25773" started-at="2023-01-26T11:41:13 IST" finished-at="2023-01-26T11:41:39 IST">
          <reporter-output>
            <line>
              <![CDATA[login]]>
            </line>
          </reporter-output>
        </test-method> <!-- login -->
        <test-method status="PASS" signature="toTestCreateCustomer()[pri:0, instance:com.actitime.testscript.CreateCustomer@12f41634]" name="toTestCreateCustomer" duration-ms="50585" started-at="2023-01-26T11:41:39 IST" finished-at="2023-01-26T11:42:29 IST">
          <reporter-output>
            <line>
              <![CDATA[CreateCustomer]]>
            </line>
          </reporter-output>
        </test-method> <!-- toTestCreateCustomer -->
        <test-method status="PASS" signature="logout()[pri:0, instance:com.actitime.testscript.CreateCustomer@12f41634]" name="logout" is-config="true" duration-ms="21150" started-at="2023-01-26T11:42:29 IST" finished-at="2023-01-26T11:42:51 IST">
          <reporter-output>
            <line>
              <![CDATA[logout]]>
            </line>
          </reporter-output>
        </test-method> <!-- logout -->
        <test-method status="PASS" signature="CloseBrowser()[pri:0, instance:com.actitime.testscript.CreateCustomer@12f41634]" name="CloseBrowser" is-config="true" duration-ms="14053" started-at="2023-01-26T11:42:51 IST" finished-at="2023-01-26T11:43:05 IST">
          <reporter-output>
            <line>
              <![CDATA[CloseBrowser]]>
            </line>
          </reporter-output>
        </test-method> <!-- CloseBrowser -->
      </class> <!-- com.actitime.testscript.CreateCustomer -->
    </test> <!-- Default test -->
  </suite> <!-- Default suite -->
</testng-results>
